<?xml version="1.0" encoding="UTF-8"?>
<coverage generated="1669037705589" clover="3.2.0">
  <project timestamp="1669037705589" name="All files">
    <metrics statements="13" coveredstatements="13" conditionals="1" coveredconditionals="1" methods="0" coveredmethods="0" elements="14" coveredelements="14" complexity="0" loc="13" ncloc="13" packages="1" files="1" classes="1"/>
    <file name="testSetup.js" path="C:\Users\2171926\Desktop\flow-e\flow-e-ui\src\testSetup.js">
      <metrics statements="13" coveredstatements="13" conditionals="1" coveredconditionals="1" methods="0" coveredmethods="0"/>
      <line num="1" count="1" type="stmt"/>
      <line num="2" count="1" type="stmt"/>
      <line num="3" count="1" type="stmt"/>
      <line num="4" count="1" type="stmt"/>
      <line num="5" count="1" type="stmt"/>
      <line num="6" count="1" type="stmt"/>
      <line num="7" count="1" type="stmt"/>
      <line num="8" count="1" type="stmt"/>
      <line num="9" count="1" type="cond" truecount="1" falsecount="0"/>
      <line num="10" count="1" type="stmt"/>
      <line num="11" count="1" type="stmt"/>
      <line num="12" count="1" type="stmt"/>
      <line num="13" count="1" type="stmt"/>
    </file>
  </project>
</coverage>
