TN:
SF:src\components\Filter\Filter.tsx
FN:13,Filter
FNF:1
FNH:1
FNDA:1,Filter
DA:19,1
LF:1
LH:1
BRF:0
BRH:0
end_of_record
TN:
SF:src\components\PageNumberCarousel\PageNumberCarousel.tsx
FN:11,(anonymous_0)
FN:20,(anonymous_1)
FN:32,(anonymous_2)
FN:43,(anonymous_3)
FN:49,(anonymous_4)
FN:64,(anonymous_5)
FN:69,(anonymous_6)
FNF:7
FNH:7
FNDA:36,(anonymous_0)
FNDA:2,(anonymous_1)
FNDA:15,(anonymous_2)
FNDA:7,(anonymous_3)
FNDA:8,(anonymous_4)
FNDA:2,(anonymous_5)
FNDA:2,(anonymous_6)
DA:11,1
DA:13,36
DA:14,36
DA:15,36
DA:16,36
DA:17,36
DA:20,36
DA:22,2
DA:23,2
DA:24,1
DA:25,1
DA:27,1
DA:32,36
DA:33,15
DA:34,1
DA:35,1
DA:37,14
DA:38,14
DA:43,36
DA:44,7
DA:45,7
DA:49,36
DA:50,8
DA:51,8
DA:52,2
DA:53,2
DA:54,6
DA:55,3
DA:56,3
DA:58,3
DA:59,3
DA:64,36
DA:65,2
DA:69,36
DA:70,2
DA:71,2
DA:72,2
DA:73,1
DA:74,1
DA:75,1
DA:77,1
DA:81,36
LF:42
LH:42
BRDA:23,0,0,1
BRDA:23,0,1,1
BRDA:33,1,0,1
BRDA:33,1,1,14
BRDA:51,2,0,2
BRDA:51,2,1,6
BRDA:53,3,0,2
BRDA:53,3,1,1
BRDA:54,4,0,3
BRDA:54,4,1,3
BRDA:56,5,0,3
BRDA:56,5,1,2
BRDA:58,6,0,3
BRDA:58,6,1,2
BRDA:59,7,0,3
BRDA:59,7,1,1
BRDA:72,8,0,1
BRDA:72,8,1,1
BRDA:72,9,0,2
BRDA:72,9,1,2
BRDA:113,10,0,12
BRDA:113,10,1,24
BRDA:117,11,0,20
BRDA:117,11,1,16
BRDA:120,12,0,4
BRDA:120,12,1,32
BRDA:122,13,0,12
BRDA:122,13,1,24
BRDA:124,14,0,4
BRDA:124,14,1,20
BRDA:126,15,0,14
BRDA:126,15,1,6
BRDA:133,16,0,15
BRDA:133,16,1,21
BRDA:133,17,0,36
BRDA:133,17,1,20
BRDA:138,18,0,16
BRDA:138,18,1,20
BRDA:140,19,0,14
BRDA:140,19,1,6
BRDA:147,20,0,1
BRDA:147,20,1,35
BRDA:150,21,0,16
BRDA:150,21,1,20
BRDA:152,22,0,6
BRDA:152,22,1,14
BRDA:156,23,0,6
BRDA:156,23,1,30
BRDA:164,24,0,4
BRDA:164,24,1,32
BRDA:197,25,0,1
BRDA:197,25,1,35
BRF:52
BRH:52
end_of_record
TN:
SF:src\components\RowComponent\Row.tsx
FN:13,(anonymous_0)
FN:17,(anonymous_1)
FN:32,(anonymous_2)
FN:45,(anonymous_3)
FNF:4
FNH:2
FNDA:6,(anonymous_0)
FNDA:4,(anonymous_1)
FNDA:0,(anonymous_2)
FNDA:0,(anonymous_3)
DA:13,1
DA:15,6
DA:17,6
DA:18,4
DA:19,4
DA:20,2
DA:21,2
DA:22,1
DA:23,1
DA:26,4
DA:30,6
DA:32,0
DA:46,0
LF:13
LH:11
BRDA:19,0,0,2
BRDA:19,0,1,2
BRDA:21,1,0,1
BRDA:21,1,1,1
BRDA:23,2,0,1
BRDA:23,2,1,0
BRDA:37,3,0,2
BRDA:37,3,1,4
BRF:8
BRH:7
end_of_record
TN:
SF:src\pages\App\App.tsx
FN:4,App
FNF:1
FNH:1
FNDA:1,App
DA:5,1
LF:1
LH:1
BRF:0
BRH:0
end_of_record
TN:
SF:src\pages\PageContainer\PageContainer.tsx
FN:3,PageContainer
FNF:1
FNH:1
FNDA:2,PageContainer
DA:4,2
LF:1
LH:1
BRF:0
BRH:0
end_of_record
TN:
SF:src\utils\testSetup.js
FN:9,(anonymous_0)
FNF:1
FNH:1
FNDA:15,(anonymous_0)
DA:6,5
DA:9,5
DA:10,15
LF:3
LH:3
BRF:0
BRH:0
end_of_record
