TN:
SF:src\components\HeaderSectionComponents\PageViewHeader\PageViewHeader.tsx
FN:4,PageViewHeader
FNF:1
FNH:1
FNDA:2,PageViewHeader
DA:8,2
LF:1
LH:1
BRDA:13,0,0,0
BRDA:13,0,1,2
BRF:2
BRH:1
end_of_record
TN:
SF:src\components\Table\TableComponent.tsx
FN:17,TableComponent
FN:23,handleSelection
FN:41,(anonymous_2)
FN:61,(anonymous_3)
FN:87,(anonymous_4)
FNF:5
FNH:5
FNDA:4,TableComponent
FNDA:2,handleSelection
FNDA:16,(anonymous_2)
FNDA:20,(anonymous_3)
FNDA:80,(anonymous_4)
DA:22,4
DA:26,2
DA:27,1
DA:28,1
DA:30,1
DA:31,1
DA:35,4
DA:42,16
DA:62,20
DA:63,20
DA:64,20
DA:88,80
LF:12
LH:12
BRDA:26,0,0,1
BRDA:26,0,1,1
BRDA:63,1,0,12
BRDA:63,1,1,8
BRDA:73,2,0,1
BRDA:73,2,1,19
BRDA:76,3,0,1
BRDA:76,3,1,19
BRF:8
BRH:8
end_of_record
TN:
SF:src\data\EnableeMock.tsx
FNF:0
FNH:0
DA:3,1
LF:1
LH:1
BRF:0
BRH:0
end_of_record
TN:
SF:src\pages\PodAssignment\PodAssignment.tsx
FN:19,PodAssignment
FN:33,(anonymous_1)
FN:36,(anonymous_2)
FN:38,(anonymous_3)
FNF:4
FNH:4
FNDA:2,PodAssignment
FNDA:2,(anonymous_1)
FNDA:10,(anonymous_2)
FNDA:24,(anonymous_3)
DA:20,2
DA:21,2
DA:22,2
DA:33,2
DA:36,2
DA:37,10
DA:38,10
DA:39,24
DA:43,10
DA:51,10
DA:54,2
LF:11
LH:11
BRDA:39,0,0,10
BRDA:39,0,1,14
BRF:2
BRH:2
end_of_record
TN:
SF:src\utils\testSetup.js
FN:9,(anonymous_0)
FNF:1
FNH:1
FNDA:2,(anonymous_0)
DA:6,1
DA:9,1
DA:10,2
LF:3
LH:3
BRF:0
BRH:0
end_of_record
